2026-01-20T18:19:32: 
2026-01-20T18:19:32: > monitoring@0.1.0 start
2026-01-20T18:19:32: > next start
2026-01-20T18:19:32: 
2026-01-20T18:19:32: ▲ Next.js 16.1.4
2026-01-20T18:19:32: - Local:         http://localhost:5005
2026-01-20T18:19:32: - Network:       http://192.168.1.201:5005
2026-01-20T18:19:32: 
2026-01-20T18:19:32: ✓ Starting...
2026-01-20T18:19:32: ✓ Ready in 504ms
2026-01-20T19:04:41: Error fetching user role: Error: 16 UNAUTHENTICATED: Request had invalid authentication credentials. Expected OAuth 2 access token, login cookie or other valid authentication credential. See https://developers.google.com/identity/sign-in/web/devconsole-project.
2026-01-20T19:04:41:     at ignore-listed frames {
2026-01-20T19:04:41:   code: 16,
2026-01-20T19:04:41:   details: 'Request had invalid authentication credentials. Expected OAuth 2 access token, login cookie or other valid authentication credential. See https://developers.google.com/identity/sign-in/web/devconsole-project.',
2026-01-20T19:04:41:   metadata: [Metadata]
2026-01-20T19:04:41: }
2026-01-20T19:04:49: Error fetching user role: Error: 16 UNAUTHENTICATED: Request had invalid authentication credentials. Expected OAuth 2 access token, login cookie or other valid authentication credential. See https://developers.google.com/identity/sign-in/web/devconsole-project.
2026-01-20T19:04:49:     at ignore-listed frames {
2026-01-20T19:04:49:   code: 16,
2026-01-20T19:04:49:   details: 'Request had invalid authentication credentials. Expected OAuth 2 access token, login cookie or other valid authentication credential. See https://developers.google.com/identity/sign-in/web/devconsole-project.',
2026-01-20T19:04:49:   metadata: [Metadata]
2026-01-20T19:04:49: }
2026-01-20T19:09:28: Error fetching user role: Error: 16 UNAUTHENTICATED: Request had invalid authentication credentials. Expected OAuth 2 access token, login cookie or other valid authentication credential. See https://developers.google.com/identity/sign-in/web/devconsole-project.
2026-01-20T19:09:28:     at ignore-listed frames {
2026-01-20T19:09:28:   code: 16,
2026-01-20T19:09:28:   details: 'Request had invalid authentication credentials. Expected OAuth 2 access token, login cookie or other valid authentication credential. See https://developers.google.com/identity/sign-in/web/devconsole-project.',
2026-01-20T19:09:28:   metadata: [Metadata]
2026-01-20T19:09:28: }
2026-01-20T19:09:31: Error fetching user role: Error: 16 UNAUTHENTICATED: Request had invalid authentication credentials. Expected OAuth 2 access token, login cookie or other valid authentication credential. See https://developers.google.com/identity/sign-in/web/devconsole-project.
2026-01-20T19:09:31:     at ignore-listed frames {
2026-01-20T19:09:31:   code: 16,
2026-01-20T19:09:31:   details: 'Request had invalid authentication credentials. Expected OAuth 2 access token, login cookie or other valid authentication credential. See https://developers.google.com/identity/sign-in/web/devconsole-project.',
2026-01-20T19:09:31:   metadata: [Metadata]
2026-01-20T19:09:31: }
2026-01-20T19:09:32: Error fetching user role: Error: 16 UNAUTHENTICATED: Request had invalid authentication credentials. Expected OAuth 2 access token, login cookie or other valid authentication credential. See https://developers.google.com/identity/sign-in/web/devconsole-project.
2026-01-20T19:09:32:     at ignore-listed frames {
2026-01-20T19:09:32:   code: 16,
2026-01-20T19:09:32:   details: 'Request had invalid authentication credentials. Expected OAuth 2 access token, login cookie or other valid authentication credential. See https://developers.google.com/identity/sign-in/web/devconsole-project.',
2026-01-20T19:09:32:   metadata: [Metadata]
2026-01-20T19:09:32: }
2026-01-20T19:10:13: Error fetching user role: Error: 16 UNAUTHENTICATED: Request had invalid authentication credentials. Expected OAuth 2 access token, login cookie or other valid authentication credential. See https://developers.google.com/identity/sign-in/web/devconsole-project.
2026-01-20T19:10:13:     at ignore-listed frames {
2026-01-20T19:10:13:   code: 16,
2026-01-20T19:10:13:   details: 'Request had invalid authentication credentials. Expected OAuth 2 access token, login cookie or other valid authentication credential. See https://developers.google.com/identity/sign-in/web/devconsole-project.',
2026-01-20T19:10:13:   metadata: [Metadata]
2026-01-20T19:10:13: }
2026-01-20T19:10:20: Error fetching user role: Error: 16 UNAUTHENTICATED: Request had invalid authentication credentials. Expected OAuth 2 access token, login cookie or other valid authentication credential. See https://developers.google.com/identity/sign-in/web/devconsole-project.
2026-01-20T19:10:20:     at ignore-listed frames {
2026-01-20T19:10:20:   code: 16,
2026-01-20T19:10:20:   details: 'Request had invalid authentication credentials. Expected OAuth 2 access token, login cookie or other valid authentication credential. See https://developers.google.com/identity/sign-in/web/devconsole-project.',
2026-01-20T19:10:20:   metadata: [Metadata]
2026-01-20T19:10:20: }
2026-01-20T19:10:22: Error fetching user role: Error: 16 UNAUTHENTICATED: Request had invalid authentication credentials. Expected OAuth 2 access token, login cookie or other valid authentication credential. See https://developers.google.com/identity/sign-in/web/devconsole-project.
2026-01-20T19:10:22:     at ignore-listed frames {
2026-01-20T19:10:22:   code: 16,
2026-01-20T19:10:22:   details: 'Request had invalid authentication credentials. Expected OAuth 2 access token, login cookie or other valid authentication credential. See https://developers.google.com/identity/sign-in/web/devconsole-project.',
2026-01-20T19:10:22:   metadata: [Metadata]
2026-01-20T19:10:22: }
2026-01-21T00:12:43: Error fetching user role: Error: 16 UNAUTHENTICATED: Request had invalid authentication credentials. Expected OAuth 2 access token, login cookie or other valid authentication credential. See https://developers.google.com/identity/sign-in/web/devconsole-project.
2026-01-21T00:12:43:     at ignore-listed frames {
2026-01-21T00:12:43:   code: 16,
2026-01-21T00:12:43:   details: 'Request had invalid authentication credentials. Expected OAuth 2 access token, login cookie or other valid authentication credential. See https://developers.google.com/identity/sign-in/web/devconsole-project.',
2026-01-21T00:12:43:   metadata: [Metadata]
2026-01-21T00:12:43: }
2026-01-21T18:16:49: 
2026-01-21T18:16:49: > monitoring@0.1.0 start
2026-01-21T18:16:49: > next start
2026-01-21T18:16:49: 
2026-01-21T18:16:49: ▲ Next.js 16.1.4
2026-01-21T18:16:49: - Local:         http://localhost:5005
2026-01-21T18:16:49: - Network:       http://192.168.1.201:5005
2026-01-21T18:16:49: 
2026-01-21T18:16:49: ✓ Starting...
2026-01-21T18:16:49: ✓ Ready in 503ms
2026-01-21T18:17:27: 
2026-01-21T18:17:27: > monitoring@0.1.0 start
2026-01-21T18:17:27: > next start
2026-01-21T18:17:27: 
2026-01-21T18:17:28: ▲ Next.js 16.1.4
2026-01-21T18:17:28: - Local:         http://localhost:5005
2026-01-21T18:17:28: - Network:       http://192.168.1.201:5005
2026-01-21T18:17:28: 
2026-01-21T18:17:28: ✓ Starting...
2026-01-21T18:17:28: ✓ Ready in 538ms
2026-01-21T18:17:53: Error fetching user role: Error: 16 UNAUTHENTICATED: Request had invalid authentication credentials. Expected OAuth 2 access token, login cookie or other valid authentication credential. See https://developers.google.com/identity/sign-in/web/devconsole-project.
2026-01-21T18:17:53:     at ignore-listed frames {
2026-01-21T18:17:53:   code: 16,
2026-01-21T18:17:53:   details: 'Request had invalid authentication credentials. Expected OAuth 2 access token, login cookie or other valid authentication credential. See https://developers.google.com/identity/sign-in/web/devconsole-project.',
2026-01-21T18:17:53:   metadata: [Metadata]
2026-01-21T18:17:53: }
2026-01-21T18:23:04: 
2026-01-21T18:23:04: > monitoring@0.1.0 start
2026-01-21T18:23:04: > next start
2026-01-21T18:23:04: 
2026-01-21T18:23:04: ▲ Next.js 16.1.4
2026-01-21T18:23:04: - Local:         http://localhost:5005
2026-01-21T18:23:04: - Network:       http://192.168.1.201:5005
2026-01-21T18:23:04: 
2026-01-21T18:23:04: ✓ Starting...
2026-01-21T18:23:04: ✓ Ready in 390ms
2026-01-21T18:35:06: 
2026-01-21T18:35:06: > monitoring@0.1.0 start
2026-01-21T18:35:06: > next start
2026-01-21T18:35:06: 
2026-01-21T18:35:06: ▲ Next.js 16.1.4
2026-01-21T18:35:06: - Local:         http://localhost:5005
2026-01-21T18:35:06: - Network:       http://192.168.1.201:5005
2026-01-21T18:35:06: 
2026-01-21T18:35:06: ✓ Starting...
2026-01-21T18:35:06: ✓ Ready in 451ms
