2026-01-20T19:04:41: Error fetching user role: Error: 16 UNAUTHENTICATED: Request had invalid authentication credentials. Expected OAuth 2 access token, login cookie or other valid authentication credential. See https://developers.google.com/identity/sign-in/web/devconsole-project.
2026-01-20T19:04:41:     at ignore-listed frames {
2026-01-20T19:04:41:   code: 16,
2026-01-20T19:04:41:   details: 'Request had invalid authentication credentials. Expected OAuth 2 access token, login cookie or other valid authentication credential. See https://developers.google.com/identity/sign-in/web/devconsole-project.',
2026-01-20T19:04:41:   metadata: [Metadata]
2026-01-20T19:04:41: }
2026-01-20T19:04:49: Error fetching user role: Error: 16 UNAUTHENTICATED: Request had invalid authentication credentials. Expected OAuth 2 access token, login cookie or other valid authentication credential. See https://developers.google.com/identity/sign-in/web/devconsole-project.
2026-01-20T19:04:49:     at ignore-listed frames {
2026-01-20T19:04:49:   code: 16,
2026-01-20T19:04:49:   details: 'Request had invalid authentication credentials. Expected OAuth 2 access token, login cookie or other valid authentication credential. See https://developers.google.com/identity/sign-in/web/devconsole-project.',
2026-01-20T19:04:49:   metadata: [Metadata]
2026-01-20T19:04:49: }
2026-01-20T19:09:28: Error fetching user role: Error: 16 UNAUTHENTICATED: Request had invalid authentication credentials. Expected OAuth 2 access token, login cookie or other valid authentication credential. See https://developers.google.com/identity/sign-in/web/devconsole-project.
2026-01-20T19:09:28:     at ignore-listed frames {
2026-01-20T19:09:28:   code: 16,
2026-01-20T19:09:28:   details: 'Request had invalid authentication credentials. Expected OAuth 2 access token, login cookie or other valid authentication credential. See https://developers.google.com/identity/sign-in/web/devconsole-project.',
2026-01-20T19:09:28:   metadata: [Metadata]
2026-01-20T19:09:28: }
2026-01-20T19:09:31: Error fetching user role: Error: 16 UNAUTHENTICATED: Request had invalid authentication credentials. Expected OAuth 2 access token, login cookie or other valid authentication credential. See https://developers.google.com/identity/sign-in/web/devconsole-project.
2026-01-20T19:09:31:     at ignore-listed frames {
2026-01-20T19:09:31:   code: 16,
2026-01-20T19:09:31:   details: 'Request had invalid authentication credentials. Expected OAuth 2 access token, login cookie or other valid authentication credential. See https://developers.google.com/identity/sign-in/web/devconsole-project.',
2026-01-20T19:09:31:   metadata: [Metadata]
2026-01-20T19:09:31: }
2026-01-20T19:09:32: Error fetching user role: Error: 16 UNAUTHENTICATED: Request had invalid authentication credentials. Expected OAuth 2 access token, login cookie or other valid authentication credential. See https://developers.google.com/identity/sign-in/web/devconsole-project.
2026-01-20T19:09:32:     at ignore-listed frames {
2026-01-20T19:09:32:   code: 16,
2026-01-20T19:09:32:   details: 'Request had invalid authentication credentials. Expected OAuth 2 access token, login cookie or other valid authentication credential. See https://developers.google.com/identity/sign-in/web/devconsole-project.',
2026-01-20T19:09:32:   metadata: [Metadata]
2026-01-20T19:09:32: }
2026-01-20T19:10:13: Error fetching user role: Error: 16 UNAUTHENTICATED: Request had invalid authentication credentials. Expected OAuth 2 access token, login cookie or other valid authentication credential. See https://developers.google.com/identity/sign-in/web/devconsole-project.
2026-01-20T19:10:13:     at ignore-listed frames {
2026-01-20T19:10:13:   code: 16,
2026-01-20T19:10:13:   details: 'Request had invalid authentication credentials. Expected OAuth 2 access token, login cookie or other valid authentication credential. See https://developers.google.com/identity/sign-in/web/devconsole-project.',
2026-01-20T19:10:13:   metadata: [Metadata]
2026-01-20T19:10:13: }
2026-01-20T19:10:20: Error fetching user role: Error: 16 UNAUTHENTICATED: Request had invalid authentication credentials. Expected OAuth 2 access token, login cookie or other valid authentication credential. See https://developers.google.com/identity/sign-in/web/devconsole-project.
2026-01-20T19:10:20:     at ignore-listed frames {
2026-01-20T19:10:20:   code: 16,
2026-01-20T19:10:20:   details: 'Request had invalid authentication credentials. Expected OAuth 2 access token, login cookie or other valid authentication credential. See https://developers.google.com/identity/sign-in/web/devconsole-project.',
2026-01-20T19:10:20:   metadata: [Metadata]
2026-01-20T19:10:20: }
2026-01-20T19:10:22: Error fetching user role: Error: 16 UNAUTHENTICATED: Request had invalid authentication credentials. Expected OAuth 2 access token, login cookie or other valid authentication credential. See https://developers.google.com/identity/sign-in/web/devconsole-project.
2026-01-20T19:10:22:     at ignore-listed frames {
2026-01-20T19:10:22:   code: 16,
2026-01-20T19:10:22:   details: 'Request had invalid authentication credentials. Expected OAuth 2 access token, login cookie or other valid authentication credential. See https://developers.google.com/identity/sign-in/web/devconsole-project.',
2026-01-20T19:10:22:   metadata: [Metadata]
2026-01-20T19:10:22: }
2026-01-21T00:12:43: Error fetching user role: Error: 16 UNAUTHENTICATED: Request had invalid authentication credentials. Expected OAuth 2 access token, login cookie or other valid authentication credential. See https://developers.google.com/identity/sign-in/web/devconsole-project.
2026-01-21T00:12:43:     at ignore-listed frames {
2026-01-21T00:12:43:   code: 16,
2026-01-21T00:12:43:   details: 'Request had invalid authentication credentials. Expected OAuth 2 access token, login cookie or other valid authentication credential. See https://developers.google.com/identity/sign-in/web/devconsole-project.',
2026-01-21T00:12:43:   metadata: [Metadata]
2026-01-21T00:12:43: }
2026-01-21T18:17:53: Error fetching user role: Error: 16 UNAUTHENTICATED: Request had invalid authentication credentials. Expected OAuth 2 access token, login cookie or other valid authentication credential. See https://developers.google.com/identity/sign-in/web/devconsole-project.
2026-01-21T18:17:53:     at ignore-listed frames {
2026-01-21T18:17:53:   code: 16,
2026-01-21T18:17:53:   details: 'Request had invalid authentication credentials. Expected OAuth 2 access token, login cookie or other valid authentication credential. See https://developers.google.com/identity/sign-in/web/devconsole-project.',
2026-01-21T18:17:53:   metadata: [Metadata]
2026-01-21T18:17:53: }
