2026-01-20T18:19:32: 
2026-01-20T18:19:32: > monitoring@0.1.0 start
2026-01-20T18:19:32: > next start
2026-01-20T18:19:32: 
2026-01-20T18:19:32: ▲ Next.js 16.1.4
2026-01-20T18:19:32: - Local:         http://localhost:5005
2026-01-20T18:19:32: - Network:       http://192.168.1.201:5005
2026-01-20T18:19:32: 
2026-01-20T18:19:32: ✓ Starting...
2026-01-20T18:19:32: ✓ Ready in 504ms
2026-01-21T18:16:49: 
2026-01-21T18:16:49: > monitoring@0.1.0 start
2026-01-21T18:16:49: > next start
2026-01-21T18:16:49: 
2026-01-21T18:16:49: ▲ Next.js 16.1.4
2026-01-21T18:16:49: - Local:         http://localhost:5005
2026-01-21T18:16:49: - Network:       http://192.168.1.201:5005
2026-01-21T18:16:49: 
2026-01-21T18:16:49: ✓ Starting...
2026-01-21T18:16:49: ✓ Ready in 503ms
2026-01-21T18:17:27: 
2026-01-21T18:17:27: > monitoring@0.1.0 start
2026-01-21T18:17:27: > next start
2026-01-21T18:17:27: 
2026-01-21T18:17:28: ▲ Next.js 16.1.4
2026-01-21T18:17:28: - Local:         http://localhost:5005
2026-01-21T18:17:28: - Network:       http://192.168.1.201:5005
2026-01-21T18:17:28: 
2026-01-21T18:17:28: ✓ Starting...
2026-01-21T18:17:28: ✓ Ready in 538ms
2026-01-21T18:23:04: 
2026-01-21T18:23:04: > monitoring@0.1.0 start
2026-01-21T18:23:04: > next start
2026-01-21T18:23:04: 
2026-01-21T18:23:04: ▲ Next.js 16.1.4
2026-01-21T18:23:04: - Local:         http://localhost:5005
2026-01-21T18:23:04: - Network:       http://192.168.1.201:5005
2026-01-21T18:23:04: 
2026-01-21T18:23:04: ✓ Starting...
2026-01-21T18:23:04: ✓ Ready in 390ms
2026-01-21T18:35:06: 
2026-01-21T18:35:06: > monitoring@0.1.0 start
2026-01-21T18:35:06: > next start
2026-01-21T18:35:06: 
2026-01-21T18:35:06: ▲ Next.js 16.1.4
2026-01-21T18:35:06: - Local:         http://localhost:5005
2026-01-21T18:35:06: - Network:       http://192.168.1.201:5005
2026-01-21T18:35:06: 
2026-01-21T18:35:06: ✓ Starting...
2026-01-21T18:35:06: ✓ Ready in 451ms
